<?xml version="1.0" encoding="UTF-8"?>
<testsuites>
  <testsuite name="" tests="14" assertions="18" errors="0" warnings="0" failures="0" skipped="0" time="0.015323">
    <testsuite name="Project Test Suite" tests="14" assertions="18" errors="0" warnings="0" failures="0" skipped="0" time="0.015323">
      <testsuite name="App\Card\CardHandTest" file="/home/despina/dbwebb-kurser/mvc/me/report/tests/Card/CardHandTest.php" tests="4" assertions="4" errors="0" warnings="0" failures="0" skipped="0" time="0.006516">
        <testcase name="testAddCard" class="App\Card\CardHandTest" classname="App.Card.CardHandTest" file="/home/despina/dbwebb-kurser/mvc/me/report/tests/Card/CardHandTest.php" line="17" assertions="1" time="0.005245"/>
        <testcase name="testGetNumberCards" class="App\Card\CardHandTest" classname="App.Card.CardHandTest" file="/home/despina/dbwebb-kurser/mvc/me/report/tests/Card/CardHandTest.php" line="30" assertions="1" time="0.000148"/>
        <testcase name="testGetValuesHand" class="App\Card\CardHandTest" classname="App.Card.CardHandTest" file="/home/despina/dbwebb-kurser/mvc/me/report/tests/Card/CardHandTest.php" line="43" assertions="1" time="0.000993"/>
        <testcase name="testGetString" class="App\Card\CardHandTest" classname="App.Card.CardHandTest" file="/home/despina/dbwebb-kurser/mvc/me/report/tests/Card/CardHandTest.php" line="56" assertions="1" time="0.000130"/>
      </testsuite>
      <testsuite name="App\Card\CardTest" file="/home/despina/dbwebb-kurser/mvc/me/report/tests/Card/CardTest.php" tests="3" assertions="3" errors="0" warnings="0" failures="0" skipped="0" time="0.000576">
        <testcase name="testGetSuit" class="App\Card\CardTest" classname="App.Card.CardTest" file="/home/despina/dbwebb-kurser/mvc/me/report/tests/Card/CardTest.php" line="16" assertions="1" time="0.000190"/>
        <testcase name="testGetValue" class="App\Card\CardTest" classname="App.Card.CardTest" file="/home/despina/dbwebb-kurser/mvc/me/report/tests/Card/CardTest.php" line="25" assertions="1" time="0.000244"/>
        <testcase name="testGetAsString" class="App\Card\CardTest" classname="App.Card.CardTest" file="/home/despina/dbwebb-kurser/mvc/me/report/tests/Card/CardTest.php" line="34" assertions="1" time="0.000141"/>
      </testsuite>
      <testsuite name="App\Card\DeckOfCardsJokerTest" file="/home/despina/dbwebb-kurser/mvc/me/report/tests/Card/DeckOfCardsJokerTest.php" tests="2" assertions="4" errors="0" warnings="0" failures="0" skipped="0" time="0.003385">
        <testcase name="testDeckOfCardsJokerContainsJokers" class="App\Card\DeckOfCardsJokerTest" classname="App.Card.DeckOfCardsJokerTest" file="/home/despina/dbwebb-kurser/mvc/me/report/tests/Card/DeckOfCardsJokerTest.php" line="17" assertions="3" time="0.002331"/>
        <testcase name="testDrawFromEmptyDeckOfCardsJokerReturnsNull" class="App\Card\DeckOfCardsJokerTest" classname="App.Card.DeckOfCardsJokerTest" file="/home/despina/dbwebb-kurser/mvc/me/report/tests/Card/DeckOfCardsJokerTest.php" line="31" assertions="1" time="0.001053"/>
      </testsuite>
      <testsuite name="App\Card\DeckOfCardsTest" file="/home/despina/dbwebb-kurser/mvc/me/report/tests/Card/DeckOfCardsTest.php" tests="3" assertions="3" errors="0" warnings="0" failures="0" skipped="0" time="0.003466">
        <testcase name="testShuffleReturnsShuffledDeck" class="App\Card\DeckOfCardsTest" classname="App.Card.DeckOfCardsTest" file="/home/despina/dbwebb-kurser/mvc/me/report/tests/Card/DeckOfCardsTest.php" line="17" assertions="1" time="0.003038"/>
        <testcase name="testDrawFromEmptyDeckReturnsNull" class="App\Card\DeckOfCardsTest" classname="App.Card.DeckOfCardsTest" file="/home/despina/dbwebb-kurser/mvc/me/report/tests/Card/DeckOfCardsTest.php" line="27" assertions="1" time="0.000230"/>
        <testcase name="testGetDeckSize" class="App\Card\DeckOfCardsTest" classname="App.Card.DeckOfCardsTest" file="/home/despina/dbwebb-kurser/mvc/me/report/tests/Card/DeckOfCardsTest.php" line="39" assertions="1" time="0.000198"/>
      </testsuite>
      <testsuite name="App\Card\ScoreTest" file="/home/despina/dbwebb-kurser/mvc/me/report/tests/Card/ScoreTest.php" tests="2" assertions="4" errors="0" warnings="0" failures="0" skipped="0" time="0.001380">
        <testcase name="testCalculateHandValue" class="App\Card\ScoreTest" classname="App.Card.ScoreTest" file="/home/despina/dbwebb-kurser/mvc/me/report/tests/Card/ScoreTest.php" line="16" assertions="2" time="0.000984"/>
        <testcase name="testCompareHands" class="App\Card\ScoreTest" classname="App.Card.ScoreTest" file="/home/despina/dbwebb-kurser/mvc/me/report/tests/Card/ScoreTest.php" line="30" assertions="2" time="0.000396"/>
      </testsuite>
    </testsuite>
  </testsuite>
</testsuites>
