<?xml version="1.0" encoding="UTF-8"?>
<testsuites>
  <testsuite name="" tests="14" assertions="18" errors="0" warnings="0" failures="0" skipped="0" time="0.013859">
    <testsuite name="Project Test Suite" tests="14" assertions="18" errors="0" warnings="0" failures="0" skipped="0" time="0.013859">
      <testsuite name="App\Card\CardHandTest" file="/home/despina/dbwebb-kurser/mvc/me/report/tests/Card/CardHandTest.php" tests="4" assertions="4" errors="0" warnings="0" failures="0" skipped="0" time="0.008683">
        <testcase name="testAddCard" class="App\Card\CardHandTest" classname="App.Card.CardHandTest" file="/home/despina/dbwebb-kurser/mvc/me/report/tests/Card/CardHandTest.php" line="17" assertions="1" time="0.008207"/>
        <testcase name="testGetNumberCards" class="App\Card\CardHandTest" classname="App.Card.CardHandTest" file="/home/despina/dbwebb-kurser/mvc/me/report/tests/Card/CardHandTest.php" line="30" assertions="1" time="0.000151"/>
        <testcase name="testGetValuesHand" class="App\Card\CardHandTest" classname="App.Card.CardHandTest" file="/home/despina/dbwebb-kurser/mvc/me/report/tests/Card/CardHandTest.php" line="43" assertions="1" time="0.000233"/>
        <testcase name="testGetString" class="App\Card\CardHandTest" classname="App.Card.CardHandTest" file="/home/despina/dbwebb-kurser/mvc/me/report/tests/Card/CardHandTest.php" line="56" assertions="1" time="0.000092"/>
      </testsuite>
      <testsuite name="App\Card\CardTest" file="/home/despina/dbwebb-kurser/mvc/me/report/tests/Card/CardTest.php" tests="3" assertions="3" errors="0" warnings="0" failures="0" skipped="0" time="0.000304">
        <testcase name="testGetSuit" class="App\Card\CardTest" classname="App.Card.CardTest" file="/home/despina/dbwebb-kurser/mvc/me/report/tests/Card/CardTest.php" line="16" assertions="1" time="0.000084"/>
        <testcase name="testGetValue" class="App\Card\CardTest" classname="App.Card.CardTest" file="/home/despina/dbwebb-kurser/mvc/me/report/tests/Card/CardTest.php" line="25" assertions="1" time="0.000080"/>
        <testcase name="testGetAsString" class="App\Card\CardTest" classname="App.Card.CardTest" file="/home/despina/dbwebb-kurser/mvc/me/report/tests/Card/CardTest.php" line="34" assertions="1" time="0.000140"/>
      </testsuite>
      <testsuite name="App\Card\DeckOfCardsJokerTest" file="/home/despina/dbwebb-kurser/mvc/me/report/tests/Card/DeckOfCardsJokerTest.php" tests="2" assertions="4" errors="0" warnings="0" failures="0" skipped="0" time="0.002507">
        <testcase name="testDeckOfCardsJokerContainsJokers" class="App\Card\DeckOfCardsJokerTest" classname="App.Card.DeckOfCardsJokerTest" file="/home/despina/dbwebb-kurser/mvc/me/report/tests/Card/DeckOfCardsJokerTest.php" line="17" assertions="3" time="0.002054"/>
        <testcase name="testDrawFromEmptyDeckOfCardsJokerReturnsNull" class="App\Card\DeckOfCardsJokerTest" classname="App.Card.DeckOfCardsJokerTest" file="/home/despina/dbwebb-kurser/mvc/me/report/tests/Card/DeckOfCardsJokerTest.php" line="31" assertions="1" time="0.000453"/>
      </testsuite>
      <testsuite name="App\Card\DeckOfCardsTest" file="/home/despina/dbwebb-kurser/mvc/me/report/tests/Card/DeckOfCardsTest.php" tests="3" assertions="3" errors="0" warnings="0" failures="0" skipped="0" time="0.001775">
        <testcase name="testShuffleReturnsShuffledDeck" class="App\Card\DeckOfCardsTest" classname="App.Card.DeckOfCardsTest" file="/home/despina/dbwebb-kurser/mvc/me/report/tests/Card/DeckOfCardsTest.php" line="17" assertions="1" time="0.001420"/>
        <testcase name="testDrawFromEmptyDeckReturnsNull" class="App\Card\DeckOfCardsTest" classname="App.Card.DeckOfCardsTest" file="/home/despina/dbwebb-kurser/mvc/me/report/tests/Card/DeckOfCardsTest.php" line="27" assertions="1" time="0.000203"/>
        <testcase name="testGetDeckSize" class="App\Card\DeckOfCardsTest" classname="App.Card.DeckOfCardsTest" file="/home/despina/dbwebb-kurser/mvc/me/report/tests/Card/DeckOfCardsTest.php" line="39" assertions="1" time="0.000152"/>
      </testsuite>
      <testsuite name="App\Card\ScoreTest" file="/home/despina/dbwebb-kurser/mvc/me/report/tests/Card/ScoreTest.php" tests="2" assertions="4" errors="0" warnings="0" failures="0" skipped="0" time="0.000590">
        <testcase name="testCalculateHandValue" class="App\Card\ScoreTest" classname="App.Card.ScoreTest" file="/home/despina/dbwebb-kurser/mvc/me/report/tests/Card/ScoreTest.php" line="16" assertions="2" time="0.000418"/>
        <testcase name="testCompareHands" class="App\Card\ScoreTest" classname="App.Card.ScoreTest" file="/home/despina/dbwebb-kurser/mvc/me/report/tests/Card/ScoreTest.php" line="30" assertions="2" time="0.000172"/>
      </testsuite>
    </testsuite>
  </testsuite>
</testsuites>
